[debug] [2020-01-27T08:49:52.510Z] ----------------------------------------------------------------------
[debug] [2020-01-27T08:49:52.512Z] Command:       C:\Program Files\nodejs\node.exe C:\Users\sboisset\AppData\Roaming\npm\node_modules\firebase-tools\lib\bin\firebase.js init
[debug] [2020-01-27T08:49:52.512Z] CLI Version:   7.11.0
[debug] [2020-01-27T08:49:52.512Z] Platform:      win32
[debug] [2020-01-27T08:49:52.512Z] Node Version:  v10.15.0
[debug] [2020-01-27T08:49:52.519Z] Time:          Mon Jan 27 2020 09:49:52 GMT+0100 (GMT+01:00)
[debug] [2020-01-27T08:49:52.519Z] ----------------------------------------------------------------------
[debug] [2020-01-27T08:49:52.519Z] 
[debug] [2020-01-27T08:49:52.544Z] > command requires scopes: ["email","openid","https://www.googleapis.com/auth/cloudplatformprojects.readonly","https://www.googleapis.com/auth/firebase","https://www.googleapis.com/auth/cloud-platform"]
[debug] [2020-01-27T08:49:52.544Z] > authorizing via signed-in user
[info] 
     ######## #### ########  ######## ########     ###     ######  ########
     ##        ##  ##     ## ##       ##     ##  ##   ##  ##       ##
     ######    ##  ########  ######   ########  #########  ######  ######
     ##        ##  ##    ##  ##       ##     ## ##     ##       ## ##
     ##       #### ##     ## ######## ########  ##     ##  ######  ########

You're about to initialize a Firebase project in this directory:

  c:\Users\sboisset\Documents\GitHub\website

Before we get started, keep in mind:

  * You are initializing in an existing Firebase project directory

[info] 
=== Project Setup
[info] 
[info] First, let's associate this project directory with a Firebase project.
[info] You can create multiple project aliases by running firebase use --add, 
[info] but for now we'll just set up a default project.
[info] 
[info] i  .firebaserc already has a default project, using simon-boisset.
[debug] [2020-01-27T08:50:27.652Z] > refreshing access token with scopes: ["email","https://www.googleapis.com/auth/cloud-platform","https://www.googleapis.com/auth/cloudplatformprojects.readonly","https://www.googleapis.com/auth/firebase","openid"]
[debug] [2020-01-27T08:50:27.653Z] >>> HTTP REQUEST POST https://www.googleapis.com/oauth2/v3/token  
 <request body omitted>
[debug] [2020-01-27T08:50:32.511Z] <<< HTTP RESPONSE 200
[debug] [2020-01-27T08:50:32.520Z] >>> HTTP REQUEST GET https://firebase.googleapis.com/v1beta1/projects/simon-boisset  
 
[debug] [2020-01-27T08:50:33.206Z] <<< HTTP RESPONSE 403
[debug] [2020-01-27T08:50:33.207Z] <<< HTTP RESPONSE BODY
[debug] [2020-01-27T08:50:33.210Z] HTTP Error: 403, The caller does not have permission
[debug] [2020-01-27T08:50:33.636Z] FirebaseError: HTTP Error: 403, The caller does not have permission
    at module.exports (C:\Users\sboisset\AppData\Roaming\npm\node_modules\firebase-tools\lib\responseToError.js:38:12)
    at Request._callback (C:\Users\sboisset\AppData\Roaming\npm\node_modules\firebase-tools\lib\api.js:39:35)
    at Request.self.callback (C:\Users\sboisset\AppData\Roaming\npm\node_modules\firebase-tools\node_modules\request\request.js:185:22)
    at Request.emit (events.js:182:13)
    at Request.EventEmitter.emit (domain.js:441:20)
    at Request.<anonymous> (C:\Users\sboisset\AppData\Roaming\npm\node_modules\firebase-tools\node_modules\request\request.js:1161:10)
    at Request.emit (events.js:182:13)
    at Request.EventEmitter.emit (domain.js:441:20)
    at IncomingMessage.<anonymous> (C:\Users\sboisset\AppData\Roaming\npm\node_modules\firebase-tools\node_modules\request\request.js:1083:12)
    at Object.onceWrapper (events.js:273:13)
    at IncomingMessage.emit (events.js:187:15)
    at IncomingMessage.EventEmitter.emit (domain.js:441:20)
    at endReadableNT (_stream_readable.js:1094:12)
    at process._tickCallback (internal/process/next_tick.js:63:19)
[error] 
[error] Error: Failed to get Firebase project simon-boisset. Please make sure the project exists and your account has permission to access it.
